<?xml version="1.0" encoding="UTF-8"?>
<testsuite xmlns:xsi="http://www.w3.org/2001/XMLSchema-instance" xsi:noNamespaceSchemaLocation="https://maven.apache.org/surefire/maven-surefire-plugin/xsd/surefire-test-report-3.0.xsd" version="3.0" name="com.EduConnectB.app.EduConnectBApplicationTests" time="16.966" tests="1" errors="0" skipped="0" failures="0">
  <properties>
[...]
</properties>
  <testcase name="contextLoads" classname="com.EduConnectB.app.EduConnectBApplicationTests" time="0.544">
    <system-out><![CDATA[Standard Commons Logging discovery in action with spring-jcl: please remove commons-logging.jar from classpath in order to avoid potential conflicts
21:24:57.355 [main] INFO org.springframework.test.context.support.AnnotationConfigContextLoaderUtils -- Could not detect default configuration classes for test class [com.EduConnectB.app.EduConnectBApplicationTests]: EduConnectBApplicationTests does not declare any static, non-private, non-final, nested classes annotated with @Configuration.
21:24:57.472 [main] INFO org.springframework.boot.test.context.SpringBootTestContextBootstrapper -- Found @SpringBootConfiguration com.EduConnectB.app.EduConnectBApplication for test class com.EduConnectB.app.EduConnectBApplicationTests
21:24:57.674 [main] INFO org.springframework.boot.devtools.restart.RestartApplicationListener -- Restart disabled due to context in which it is running

  .   ____          _            __ _ _
 /\\ / ___'_ __ _ _(_)_ __  __ _ \ \ \ \
( ( )\___ | '_ | '_| | '_ \/ _` | \ \ \ \
 \\/  ___)| |_)| | | | | || (_| |  ) ) ) )
  '  |____| .__|_| |_|_| |_\__, | / / / /
 =========|_|==============|___/=/_/_/_/

 :: Spring Boot ::                (v3.3.2)

2024-08-06T21:24:57.970-05:00  INFO 22968 --- [           main] c.E.app.EduConnectBApplicationTests      : Starting EduConnectBApplicationTests using Java 21.0.2 with PID 22968 (started by HcVg in C:\Users\HcVg\Documents\EduConnectB)
2024-08-06T21:24:57.971-05:00  INFO 22968 --- [           main] c.E.app.EduConnectBApplicationTests      : No active profile set, falling back to 1 default profile: "default"
2024-08-06T21:24:58.813-05:00  INFO 22968 --- [           main] .s.d.r.c.RepositoryConfigurationDelegate : Bootstrapping Spring Data JPA repositories in DEFAULT mode.
2024-08-06T21:24:58.904-05:00  INFO 22968 --- [           main] .s.d.r.c.RepositoryConfigurationDelegate : Finished Spring Data repository scanning in 80 ms. Found 11 JPA repository interfaces.
2024-08-06T21:24:59.516-05:00  INFO 22968 --- [           main] o.hibernate.jpa.internal.util.LogHelper  : HHH000204: Processing PersistenceUnitInfo [name: default]
2024-08-06T21:24:59.594-05:00  INFO 22968 --- [           main] org.hibernate.Version                    : HHH000412: Hibernate ORM core version 6.5.2.Final
2024-08-06T21:24:59.634-05:00  INFO 22968 --- [           main] o.h.c.internal.RegionFactoryInitiator    : HHH000026: Second-level cache disabled
2024-08-06T21:25:00.013-05:00  INFO 22968 --- [           main] o.s.o.j.p.SpringPersistenceUnitInfo      : No LoadTimeWeaver setup: ignoring JPA class transformer
2024-08-06T21:25:00.047-05:00  INFO 22968 --- [           main] com.zaxxer.hikari.HikariDataSource       : HikariPool-1 - Starting...
2024-08-06T21:25:01.953-05:00  INFO 22968 --- [           main] com.zaxxer.hikari.pool.HikariPool        : HikariPool-1 - Added connection com.mysql.cj.jdbc.ConnectionImpl@528f5b7f
2024-08-06T21:25:01.960-05:00  INFO 22968 --- [           main] com.zaxxer.hikari.HikariDataSource       : HikariPool-1 - Start completed.
2024-08-06T21:25:02.320-05:00  WARN 22968 --- [           main] org.hibernate.orm.deprecation            : HHH90000025: MySQLDialect does not need to be specified explicitly using 'hibernate.dialect' (remove the property setting and it will be selected by default)
2024-08-06T21:25:03.477-05:00  INFO 22968 --- [           main] o.h.e.t.j.p.i.JtaPlatformInitiator       : HHH000489: No JTA platform available (set 'hibernate.transaction.jta.platform' to enable JTA platform integration)
2024-08-06T21:25:10.976-05:00  INFO 22968 --- [           main] j.LocalContainerEntityManagerFactoryBean : Initialized JPA EntityManagerFactory for persistence unit 'default'
2024-08-06T21:25:11.331-05:00  INFO 22968 --- [           main] o.s.d.j.r.query.QueryEnhancerFactory     : Hibernate is in classpath; If applicable, HQL parser will be used.
2024-08-06T21:25:11.807-05:00  WARN 22968 --- [           main] JpaBaseConfiguration$JpaWebConfiguration : spring.jpa.open-in-view is enabled by default. Therefore, database queries may be performed during view rendering. Explicitly configure spring.jpa.open-in-view to disable this warning
2024-08-06T21:25:12.540-05:00  INFO 22968 --- [           main] r$InitializeUserDetailsManagerConfigurer : Global AuthenticationManager configured with UserDetailsService bean with name userDetailsService
2024-08-06T21:25:12.738-05:00 DEBUG 22968 --- [           main] o.s.s.web.DefaultSecurityFilterChain     : Will secure any request with filters: DisableEncodeUrlFilter, WebAsyncManagerIntegrationFilter, SecurityContextHolderFilter, HeaderWriterFilter, CorsFilter, LogoutFilter, JwtAuthenticationFilter, RequestCacheAwareFilter, SecurityContextHolderAwareRequestFilter, AnonymousAuthenticationFilter, TemporalTokenAuthenticationFilter, SessionManagementFilter, ExceptionTranslationFilter, AuthorizationFilter
2024-08-06T21:25:13.135-05:00  INFO 22968 --- [           main] o.s.m.s.b.SimpleBrokerMessageHandler     : Starting...
2024-08-06T21:25:13.135-05:00  INFO 22968 --- [           main] o.s.m.s.b.SimpleBrokerMessageHandler     : BrokerAvailabilityEvent[available=true, SimpleBrokerMessageHandler [org.springframework.messaging.simp.broker.DefaultSubscriptionRegistry@4c3d056]]
2024-08-06T21:25:13.136-05:00  INFO 22968 --- [           main] o.s.m.s.b.SimpleBrokerMessageHandler     : Started.
2024-08-06T21:25:13.143-05:00  INFO 22968 --- [           main] c.E.app.EduConnectBApplicationTests      : Started EduConnectBApplicationTests in 15.49 seconds (process running for 16.567)
]]></system-out>
    <system-err><![CDATA[WARNING: A Java agent has been loaded dynamically (C:\Users\HcVg\.m2\repository\net\bytebuddy\byte-buddy-agent\1.14.18\byte-buddy-agent-1.14.18.jar)
WARNING: If a serviceability tool is in use, please run with -XX:+EnableDynamicAgentLoading to hide this warning
WARNING: If a serviceability tool is not in use, please run with -Djdk.instrument.traceUsage for more information
WARNING: Dynamic loading of agents will be disallowed by default in a future release
]]></system-err>
  </testcase>
</testsuite>